Populatia initiala
1: 1101010110110111000100 x= 1.50447 f= 1.241033404664872
2: 1010011110001010010101 x= 0.963362849346633 f= 2.035294869845369
3: 0101111011101100101000 x= 0.112393985203539 f= 2.099761577293605
4: 0101010111011111100001 x= 0.006325133467310 f= 2.006285126153931
5: 0101111011011101010101 x= 0.111693412352725 f= 2.099217993989730
6: 1111001110100100110001 x= 1.855198306054423 f= 0.413437551267222
7: 0100010100011010000100 x= -0.190213447194041 f= 1.773605397312519
8: 1011100011101100010101 x= 1.167067996841679 f= 1.805020287589629
9: 0100111001011010001011 x= -0.081810186303887 f= 1.911496907113036
10: 1101010000110010100111 x= 1.486691288260847 f= 1.276440301670151
11: 0111101110001010111110 x= 0.447767171225035 f= 2.247271731598165
12: 0001101101000011100100 x= -0.680501238519339 f= 0.856416825854307
13: 0111001110100100100011 x= 0.355188263746044 f= 2.229029561043115
14: 1000101001000010111111 x= 0.620253375787928 f= 2.235539125611608
15: 1100110101000100011000 x= 1.405473594181291 f= 1.430117570240414
16: 0101111111101010101111 x= 0.124026070270691 f= 2.108643604163901
17: 1101101011100001001010 x= 1.564994167431858 f= 1.115787423336124
18: 0001100001101011100011 x= -0.713827607202248 f= 0.776622539993666
19: 1111111010101110101110 x= 1.984559824932951 f= 0.046082126195045
20: 1110011111111001010000 x= 1.718440741607238 f= 0.765402159191603

Probabilitati selectie
cromozom  1 probabilitate 0.040726332164432
cromozom  2 probabilitate 0.066791187578283
cromozom  3 probabilitate 0.068906757176342
cromozom  4 probabilitate 0.065839190272536
cromozom  5 probabilitate 0.068888918692616
cromozom  6 probabilitate 0.013567559889095
cromozom  7 probabilitate 0.058203463555507
cromozom  8 probabilitate 0.059234389275577
cromozom  9 probabilitate 0.062728575780272
cromozom  10 probabilitate 0.041888261442829
cromozom  11 probabilitate 0.073747519334115
cromozom  12 probabilitate 0.028104574776027
cromozom  13 probabilitate 0.073148875740290
cromozom  14 probabilitate 0.073362496653205
cromozom  15 probabilitate 0.046931406504347
cromozom  16 probabilitate 0.069198233920846
cromozom  17 probabilitate 0.036616201511476
cromozom  18 probabilitate 0.025486008201937
cromozom  19 probabilitate 0.001512252588213
cromozom  20 probabilitate 0.025117794942053

Intervale probabilitati selectie
[0.000000000000000 , 0.040726332164432 )
[0.040726332164432 , 0.107517519742715 )
[0.107517519742715 , 0.176424276919057 )
[0.176424276919057 , 0.242263467191593 )
[0.242263467191593 , 0.311152385884209 )
[0.311152385884209 , 0.324719945773304 )
[0.324719945773304 , 0.382923409328811 )
[0.382923409328811 , 0.442157798604388 )
[0.442157798604388 , 0.504886374384661 )
[0.504886374384661 , 0.546774635827490 )
[0.546774635827490 , 0.620522155161605 )
[0.620522155161605 , 0.648626729937631 )
[0.648626729937631 , 0.721775605677922 )
[0.721775605677922 , 0.795138102331127 )
[0.795138102331127 , 0.842069508835474 )
[0.842069508835474 , 0.911267742756320 )
[0.911267742756320 , 0.947883944267797 )
[0.947883944267797 , 0.973369952469734 )
[0.973369952469734 , 0.974882205057946 )
[0.974882205057946 , 1.000000000000000 )

u= 0.224382497491747  selectam cromozomul 4
u= 0.919093891125402  selectam cromozomul 17
u= 0.521648808706852  selectam cromozomul 10
u= 0.702905245475785  selectam cromozomul 13
u= 0.288934223896034  selectam cromozomul 5
u= 0.807525367826900  selectam cromozomul 15
u= 0.689144841886251  selectam cromozomul 13
u= 0.580747959978167  selectam cromozomul 11
u= 0.459922136983132  selectam cromozomul 9
u= 0.051866603357236  selectam cromozomul 2
u= 0.960206332953401  selectam cromozomul 18
u= 0.423125335675341  selectam cromozomul 8
u= 0.120451260955371  selectam cromozomul 3
u= 0.571825694536154  selectam cromozomul 11
u= 0.285591363890993  selectam cromozomul 5
u= 0.797118371375579  selectam cromozomul 15
u= 0.695725855860314  selectam cromozomul 13
u= 0.591180128416805  selectam cromozomul 11
u= 0.417014166702969  selectam cromozomul 8
u= 0.987983478720137  selectam cromozomul 20

Dupa selectie: 
1: 0101010111011111100001 x= 0.006325133467310 f=2.006285126153931
2: 1101101011100001001010 x= 1.564994167431858 f=1.115787423336124
3: 1101010000110010100111 x= 1.486691288260847 f=1.276440301670151
4: 0111001110100100100011 x= 0.355188263746044 f=2.229029561043115
5: 0101111011011101010101 x= 0.111693412352725 f=2.099217993989730
6: 1100110101000100011000 x= 1.405473594181291 f=1.430117570240414
7: 0111001110100100100011 x= 0.355188263746044 f=2.229029561043115
8: 0111101110001010111110 x= 0.447767171225035 f=2.247271731598165
9: 0100111001011010001011 x= -0.081810186303887 f=1.911496907113036
10: 1010011110001010010101 x= 0.963362849346633 f=2.035294869845369
11: 0001100001101011100011 x= -0.713827607202248 f=0.776622539993666
12: 1011100011101100010101 x= 1.167067996841679 f=1.805020287589629
13: 0101111011101100101000 x= 0.112393985203539 f=2.099761577293605
14: 0111101110001010111110 x= 0.447767171225035 f=2.247271731598165
15: 0101111011011101010101 x= 0.111693412352725 f=2.099217993989730
16: 1100110101000100011000 x= 1.405473594181291 f=1.430117570240414
17: 0111001110100100100011 x= 0.355188263746044 f=2.229029561043115
18: 0111101110001010111110 x= 0.447767171225035 f=2.247271731598165
19: 1011100011101100010101 x= 1.167067996841679 f=1.805020287589629
20: 1110011111111001010000 x= 1.718440741607238 f=0.765402159191603

Probabilitatea de incrucisare 0.250000000000000
1: 0101010111011111100001 u= 0.295629078676522
2: 1101101011100001001010 u= 0.418201008352460
3: 1101010000110010100111 u= 0.831544091024532
4: 0111001110100100100011 u= 0.760008934644848
5: 0101111011011101010101 u= 0.134618082955178<0.25 participa
6: 1100110101000100011000 u= 0.115606332238239<0.25 participa
7: 0111001110100100100011 u= 0.693343597761593
8: 0111101110001010111110 u= 0.003440557500295<0.25 participa
9: 0100111001011010001011 u= 0.360354605643572
10: 1010011110001010010101 u= 0.377171608551072
11: 0001100001101011100011 u= 0.789603239194252
12: 1011100011101100010101 u= 0.666968387241438
13: 0101111011101100101000 u= 0.224429031574575<0.25 participa
14: 0111101110001010111110 u= 0.984060212240527
15: 0101111011011101010101 u= 0.317356662424293
16: 1100110101000100011000 u= 0.663716221375235
17: 0111001110100100100011 u= 0.776976233905143
18: 0111101110001010111110 u= 0.317290419531808
19: 1011100011101100010101 u= 0.586326638874515
20: 1110011111111001010000 u= 0.117171145284477<0.25 participa

Recombinare dintre cromozomul 5 cu cromozomul 6:
0101111011011101010101 1100110101000100011000 punct 14
 Rezultat  0101111011011100011000  1100110101000101010101
Recombinare dintre cromozomul 8 cu cromozomul 13:
0111101110001010111110 0101111011101100101000 punct 9
 Rezultat  0111101111101100101000  0101111010001010111110

Dupa recombinare: 
1: 0101010111011111100001  x =  0.006325483322144  f= 2.006285471582885
2: 1101101011100001001010  x =  1.564994335174561  f= 1.115787066046096
3: 1101010000110010100111  x =  1.486691713333130  f= 1.276439462839733
4: 0111001110100100100011  x =  0.355188608169556  f= 2.229029660796130
5: 0101111011011100011000  x =  0.111650466918945  f= 2.099184640155727
6: 1100110101000101010101  x =  1.405517339706421  f= 1.430038347491006
7: 0111001110100100100011  x =  0.355188608169556  f= 2.229029660796130
8: 0111101111101100101000  x =  0.452238082885742  f= 2.247718799273571
9: 0100111001011010001011  x =  -0.081809759140015  f= 1.911497404169438
10: 1010011110001010010101  x =  0.963363409042358  f= 2.035294351160644
11: 0001100001101011100011  x =  -0.713826894760132  f= 0.776624269556976
12: 1011100011101100010101  x =  1.167068243026733  f= 1.805019959145227
13: 0101111010001010111110  x =  0.107923984527588  f= 2.096276398091277
14: 0111101111101100101000  x =  0.452238082885742  f= 2.247718799273571
15: 0101111011011100011000  x =  0.111650466918945  f= 2.099184640155727
16: 1100110101000101010101  x =  1.405517339706421  f= 1.430038347491006
17: 0111001110100100100011  x =  0.355188608169556  f= 2.229029660796130
18: 0111101111101100101000  x =  0.452238082885742  f= 2.247718799273571
19: 1011100011101100010101  x =  1.167068243026733  f= 1.805019959145227
20: 1110011111111001010000  x =  1.718441009521484  f= 0.765401506316266

Probabilitate de mutatie pentru fiecare gena 0.010000000000000
 Dupa mutatie : 
1: 0101010111011111100001  x =  0.006325483322144  f= 2.006285471582885
2: 1101101011100001001010  x =  1.564994335174561  f= 1.115787066046096
3: 1101010000110010100111  x =  1.486691713333130  f= 1.276439462839733
4: 0111001110101100100011  x =  0.355554819107056  f= 2.229135589716805
5: 1101111011011100011000  x =  1.611650466918945  f= 1.014233239398891
6: 1100110101000101010101  x =  1.405517339706421  f= 1.430038347491006
7: 0111001110101100100011  x =  0.355554819107056  f= 2.229135589716805
8: 0111101111101100101000  x =  0.452238082885742  f= 2.247718799273571
9: 0100111001011010001011  x =  -0.081809759140015  f= 1.911497404169438
10: 1010011110001010010101  x =  0.963363409042358  f= 2.035294351160644
11: 0001100001101011100011  x =  -0.713826894760132  f= 0.776624269556976
12: 1011100011101100010101  x =  1.167068243026733  f= 1.805019959145227
13: 0101111010001010111110  x =  0.107923984527588  f= 2.096276398091277
14: 0111101111101100101000  x =  0.452238082885742  f= 2.247718799273571
15: 1101111011011100011000  x =  1.611650466918945  f= 1.014233239398891
16: 1100110101000101010101  x =  1.405517339706421  f= 1.430038347491006
17: 0111001110101100100011  x =  0.355554819107056  f= 2.229135589716805
18: 0111101111101100101000  x =  0.452238082885742  f= 2.247718799273571
19: 1011100011101100010101  x =  1.167068243026733  f= 1.805019959145227
20: 1110011111111001010000  x =  1.718441009521484  f= 0.765401506316266
1: Maximul : 2.247718799273571 si media : 1.695637609440234
2: Maximul : 2.249993960110260 si media : 1.856034497208989
3: Maximul : 2.249994148463657 si media : 1.762922412853044
4: Maximul : 2.233489224454388 si media : 1.720139773480943
5: Maximul : 2.249993585326536 si media : 1.637165693442790
6: Maximul : 2.231006894722668 si media : 1.653323526751686
7: Maximul : 2.249993585326536 si media : 1.593789712265050
8: Maximul : 2.249993585326536 si media : 1.378105398968367
9: Maximul : 2.224515046844715 si media : 1.638239849400674
10: Maximul : 2.249993585326536 si media : 1.589315136326297
11: Maximul : 2.233617459440154 si media : 1.592016419215906
12: Maximul : 2.247368574062818 si media : 1.723808276721161
13: Maximul : 2.249993585326536 si media : 1.487855936024738
14: Maximul : 2.249993578078318 si media : 1.566135257909124
15: Maximul : 2.249993578078318 si media : 1.590243518832119
16: Maximul : 2.148011767835669 si media : 1.529406152357186
17: Maximul : 2.221367667667209 si media : 1.595429660598930
18: Maximul : 2.246352904452067 si media : 1.716888473319312
19: Maximul : 2.246541075933919 si media : 1.501166734376969
20: Maximul : 2.219020685275098 si media : 1.395100849550391
21: Maximul : 2.246453621535636 si media : 1.515015573534632
22: Maximul : 2.246537794002904 si media : 1.586883231352937
23: Maximul : 2.246537794002904 si media : 1.661830028862059
24: Maximul : 2.221923373004699 si media : 1.828352857019703
25: Maximul : 2.239864523022106 si media : 1.728497425798307
26: Maximul : 2.155339539584418 si media : 1.609830971299232
27: Maximul : 2.219020685275098 si media : 1.655049171652951
28: Maximul : 2.239968952913785 si media : 1.809287774928691
29: Maximul : 2.243233388383885 si media : 1.587854396398740
30: Maximul : 2.249594315886497 si media : 1.638497495942113
31: Maximul : 2.249594546356093 si media : 1.765376437697958
32: Maximul : 2.249594546356093 si media : 1.480135571294096
33: Maximul : 2.249594546356093 si media : 1.540549583927293
34: Maximul : 2.235594533783114 si media : 1.635789725216597
35: Maximul : 2.249594546356093 si media : 1.703621793088385
36: Maximul : 2.249594546356093 si media : 1.531367191879980
37: Maximul : 2.249594661566334 si media : 1.687759488300159
38: Maximul : 2.249594661566334 si media : 1.607398250267764
39: Maximul : 2.249893547872887 si media : 1.749485385727561
40: Maximul : 2.249857663988223 si media : 1.900739066660034
41: Maximul : 2.249893547872887 si media : 1.952449643538938
42: Maximul : 2.249858788159827 si media : 1.520516099236852
43: Maximul : 2.249893547872887 si media : 1.707020614660783
44: Maximul : 2.248715543197193 si media : 1.543582401111550
45: Maximul : 2.249893547872887 si media : 1.847305464158816
46: Maximul : 2.249886101354093 si media : 1.847939074949173
47: Maximul : 2.249992254576625 si media : 1.563074445276988
48: Maximul : 2.241158422101250 si media : 1.722219184822325
49: Maximul : 2.244207212643005 si media : 1.793967328144026
50: Maximul : 2.248981040291198 si media : 1.808764525039885
